Sat May 11 2024 16:13:0 } [PH] error: 
Invalid `prisma.appointment.findMany()` invocation:


Can't reach database server at `aws-0-ap-southeast-1.pooler.supabase.com`:`5432`

Please make sure your database server is running at `aws-0-ap-southeast-1.pooler.supabase.com`:`5432`.
Sat May 11 2024 16:14:0 } [PH] error: 
Invalid `prisma.appointment.findMany()` invocation:


Can't reach database server at `aws-0-ap-southeast-1.pooler.supabase.com`:`5432`

Please make sure your database server is running at `aws-0-ap-southeast-1.pooler.supabase.com`:`5432`.
Sat May 11 2024 16:30:10 } [PH] error: 
Invalid `prisma.appointment.findMany()` invocation:


Timed out fetching a new connection from the connection pool. More info: http://pris.ly/d/connection-pool (Current connection pool timeout: 10, connection limit: 5)
Sat May 11 2024 16:31:3 } [PH] error: 
Invalid `prisma.appointment.findMany()` invocation:


Can't reach database server at `aws-0-ap-southeast-1.pooler.supabase.com`:`5432`

Please make sure your database server is running at `aws-0-ap-southeast-1.pooler.supabase.com`:`5432`.
Sat May 11 2024 16:32:5 } [PH] error: 
Invalid `prisma.appointment.findMany()` invocation:


Can't reach database server at `aws-0-ap-southeast-1.pooler.supabase.com`:`5432`

Please make sure your database server is running at `aws-0-ap-southeast-1.pooler.supabase.com`:`5432`.
Sat May 11 2024 16:33:0 } [PH] error: 
Invalid `prisma.appointment.findMany()` invocation:


Can't reach database server at `aws-0-ap-southeast-1.pooler.supabase.com`:`5432`

Please make sure your database server is running at `aws-0-ap-southeast-1.pooler.supabase.com`:`5432`.
Sat May 11 2024 16:34:0 } [PH] error: 
Invalid `prisma.appointment.findMany()` invocation:


Can't reach database server at `aws-0-ap-southeast-1.pooler.supabase.com`:`5432`

Please make sure your database server is running at `aws-0-ap-southeast-1.pooler.supabase.com`:`5432`.
Sat May 11 2024 16:35:5 } [PH] error: 
Invalid `prisma.appointment.findMany()` invocation:


Can't reach database server at `aws-0-ap-southeast-1.pooler.supabase.com`:`5432`

Please make sure your database server is running at `aws-0-ap-southeast-1.pooler.supabase.com`:`5432`.
