Sun May 05 2024 19:2:11 } [PH] error: 
Invalid `prisma.appointment.deleteMany()` invocation:


Transaction API error: Transaction already closed: Could not perform operation.
Sun May 05 2024 19:8:16 } [PH] error: Transaction API error: Transaction already closed: Could not perform operation.
Sun May 05 2024 19:9:10 } [PH] error: 
Invalid `prisma.appointment.findMany()` invocation:


Timed out fetching a new connection from the connection pool. More info: http://pris.ly/d/connection-pool (Current connection pool timeout: 10, connection limit: 5)
Sun May 05 2024 19:10:5 } [PH] error: 
Invalid `prisma.appointment.findMany()` invocation:


Can't reach database server at `aws-0-ap-southeast-1.pooler.supabase.com`:`5432`

Please make sure your database server is running at `aws-0-ap-southeast-1.pooler.supabase.com`:`5432`.
Sun May 05 2024 19:11:5 } [PH] error: 
Invalid `prisma.appointment.findMany()` invocation:


Can't reach database server at `aws-0-ap-southeast-1.pooler.supabase.com`:`5432`

Please make sure your database server is running at `aws-0-ap-southeast-1.pooler.supabase.com`:`5432`.
Sun May 05 2024 19:12:0 } [PH] error: 
Invalid `prisma.appointment.findMany()` invocation:


Can't reach database server at `aws-0-ap-southeast-1.pooler.supabase.com`:`5432`

Please make sure your database server is running at `aws-0-ap-southeast-1.pooler.supabase.com`:`5432`.
Sun May 05 2024 19:13:5 } [PH] error: 
Invalid `prisma.appointment.findMany()` invocation:


Can't reach database server at `aws-0-ap-southeast-1.pooler.supabase.com`:`5432`

Please make sure your database server is running at `aws-0-ap-southeast-1.pooler.supabase.com`:`5432`.
