Sun May 05 2024 22:0:5 } [PH] error: 
Invalid `prisma.appointment.findMany()` invocation:


Can't reach database server at `aws-0-ap-southeast-1.pooler.supabase.com`:`5432`

Please make sure your database server is running at `aws-0-ap-southeast-1.pooler.supabase.com`:`5432`.
Sun May 05 2024 22:1:5 } [PH] error: 
Invalid `prisma.appointment.findMany()` invocation:


Can't reach database server at `aws-0-ap-southeast-1.pooler.supabase.com`:`5432`

Please make sure your database server is running at `aws-0-ap-southeast-1.pooler.supabase.com`:`5432`.
Sun May 05 2024 22:2:5 } [PH] error: 
Invalid `prisma.appointment.findMany()` invocation:


Can't reach database server at `aws-0-ap-southeast-1.pooler.supabase.com`:`5432`

Please make sure your database server is running at `aws-0-ap-southeast-1.pooler.supabase.com`:`5432`.
Sun May 05 2024 22:3:5 } [PH] error: 
Invalid `prisma.appointment.findMany()` invocation:


Can't reach database server at `aws-0-ap-southeast-1.pooler.supabase.com`:`5432`

Please make sure your database server is running at `aws-0-ap-southeast-1.pooler.supabase.com`:`5432`.
Sun May 05 2024 22:4:5 } [PH] error: 
Invalid `prisma.appointment.findMany()` invocation:


Can't reach database server at `aws-0-ap-southeast-1.pooler.supabase.com`:`5432`

Please make sure your database server is running at `aws-0-ap-southeast-1.pooler.supabase.com`:`5432`.
Sun May 05 2024 22:5:5 } [PH] error: 
Invalid `prisma.appointment.findMany()` invocation:


Can't reach database server at `aws-0-ap-southeast-1.pooler.supabase.com`:`5432`

Please make sure your database server is running at `aws-0-ap-southeast-1.pooler.supabase.com`:`5432`.
Sun May 05 2024 22:6:5 } [PH] error: 
Invalid `prisma.appointment.findMany()` invocation:


Can't reach database server at `aws-0-ap-southeast-1.pooler.supabase.com`:`5432`

Please make sure your database server is running at `aws-0-ap-southeast-1.pooler.supabase.com`:`5432`.
Sun May 05 2024 22:7:5 } [PH] error: 
Invalid `prisma.appointment.findMany()` invocation:


Can't reach database server at `aws-0-ap-southeast-1.pooler.supabase.com`:`5432`

Please make sure your database server is running at `aws-0-ap-southeast-1.pooler.supabase.com`:`5432`.
Sun May 05 2024 22:8:0 } [PH] error: 
Invalid `prisma.appointment.findMany()` invocation:


Can't reach database server at `aws-0-ap-southeast-1.pooler.supabase.com`:`5432`

Please make sure your database server is running at `aws-0-ap-southeast-1.pooler.supabase.com`:`5432`.
Sun May 05 2024 22:39:10 } [PH] error: 
Invalid `prisma.appointment.findMany()` invocation:


Timed out fetching a new connection from the connection pool. More info: http://pris.ly/d/connection-pool (Current connection pool timeout: 10, connection limit: 5)
